<?xml version="1.0" encoding="UTF-8"?>
<testsuite name="pt.up.fe.ldts.example4.WorkerSpockTest" tests="3" skipped="0" failures="0" errors="0" timestamp="2022-11-24T16:22:55" hostname="VISAGIO-PESSOAL" time="0.022">
  <properties/>
  <testcase name="Worker" classname="pt.up.fe.ldts.example4.WorkerSpockTest" time="0.008"/>
  <testcase name="Supervisor" classname="pt.up.fe.ldts.example4.WorkerSpockTest" time="0.006"/>
  <testcase name="Client" classname="pt.up.fe.ldts.example4.WorkerSpockTest" time="0.008"/>
  <system-out><![CDATA[]]></system-out>
  <system-err><![CDATA[]]></system-err>
</testsuite>
